<?xml version="1.0" encoding="UTF-8"?>
<!-- Generated by org.testng.reporters.JUnitXMLReporter -->
<testsuite hostname="Sai-PC" name="On Chrome" tests="1" failures="1" timestamp="21 Nov 2016 16:59:06 GMT" time="1.51" errors="0">
  <testcase name="dropdownTest" time="1.444" classname="day29.DropdownTestingOnGrid">
    <failure type="java.lang.NullPointerException" message="null value in entry: desiredCapabilities=null">
      <![CDATA[java.lang.NullPointerException: null value in entry: desiredCapabilities=null
	at com.google.common.collect.CollectPreconditions.checkEntryNotNull(CollectPreconditions.java:33)
	at com.google.common.collect.ImmutableMapEntry.<init>(ImmutableMapEntry.java:50)
	at com.google.common.collect.ImmutableMap.entryOf(ImmutableMap.java:122)
	at com.google.common.collect.ImmutableMap$Builder.put(ImmutableMap.java:197)
	at org.openqa.selenium.remote.RemoteWebDriver.startSession(RemoteWebDriver.java:243)
	at org.openqa.selenium.remote.RemoteWebDriver.<init>(RemoteWebDriver.java:131)
	at org.openqa.selenium.remote.RemoteWebDriver.<init>(RemoteWebDriver.java:158)
	at day29.DropdownTestingOnGrid.dropdownTest(DropdownTestingOnGrid.java:34)
	at java.util.concurrent.FutureTask.run(Unknown Source)
	at java.util.concurrent.ThreadPoolExecutor.runWorker(Unknown Source)
	at java.util.concurrent.ThreadPoolExecutor$Worker.run(Unknown Source)
	at java.lang.Thread.run(Unknown Source)
... Removed 16 stack frames]]>
    </failure>
  </testcase> <!-- dropdownTest -->
</testsuite> <!-- On Chrome -->
