<?xml version="1.0" encoding="UTF-8"?>
<!-- Generated by org.testng.reporters.JUnitReportReporter -->
<testsuite hostname="Sai-PC" name="day36.DropdownOnGrid" tests="3" failures="0" timestamp="29 Dec 2016 05:46:44 GMT" time="111.184" errors="3">
  <testcase name="dropdownTest" time="47.281" classname="day36.DropdownOnGrid">
    <error type="org.openqa.selenium.WebDriverException" message="chrome not reachable
  (Session info: chrome=55.0.2883.87)
  (Driver info: chromedriver=2.25.426923 (0390b88869384d6eb0d5d09729679f934aab9eed),platform=Windows NT 6.1.7600 x86_64) (WARNING: The server did not provide any stacktrace information)
Command duration or timeout: 4.01 seconds
Build info: version: &#039;2.53.0&#039;, revision: &#039;35ae25b&#039;, time: &#039;2016-03-15 17:00:58&#039;
System info: host: &#039;Sai-PC&#039;, ip: &#039;169.254.209.217&#039;, os.name: &#039;Windows 7&#039;, os.arch: &#039;amd64&#039;, os.version: &#039;6.1&#039;, java.version: &#039;1.7.0_79&#039;
Session ID: d57bfe215f1cf5f01402da33da1271c0
Driver info: org.openqa.selenium.chrome.ChromeDriver
Capabilities [{platform=XP, acceptSslCerts=true, javascriptEnabled=true, browserName=chrome, chrome={userDataDir=C:\Users\Sai\AppData\Local\Temp\scoped_dir6820_13128, chromedriverVersion=2.25.426923 (0390b88869384d6eb0d5d09729679f934aab9eed)}, networkConnectionEnabled=false, rotatable=false, locationContextEnabled=true, mobileEmulationEnabled=false, version=55.0.2883.87, pageLoadStrategy=normal, takesHeapSnapshot=true, cssSelectorsEnabled=true, databaseEnabled=false, handlesAlerts=true, browserConnectionEnabled=false, webStorageEnabled=true, nativeEvents=true, hasTouchScreen=false, applicationCacheEnabled=false, takesScreenshot=true}]
Command duration or timeout: 5.62 seconds
Build info: version: &#039;2.53.0&#039;, revision: &#039;35ae25b&#039;, time: &#039;2016-03-15 17:00:58&#039;
System info: host: &#039;Sai-PC&#039;, ip: &#039;169.254.209.217&#039;, os.name: &#039;Windows 7&#039;, os.arch: &#039;amd64&#039;, os.version: &#039;6.1&#039;, java.version: &#039;1.7.0_79&#039;
Session ID: 5a42710a-03e2-46eb-bc18-f001f79b63b7
Driver info: org.openqa.selenium.remote.RemoteWebDriver
Capabilities [{platform=XP, acceptSslCerts=true, javascriptEnabled=true, browserName=chrome, chrome={userDataDir=C:\Users\Sai\AppData\Local\Temp\scoped_dir6820_13128, chromedriverVersion=2.25.426923 (0390b88869384d6eb0d5d09729679f934aab9eed)}, networkConnectionEnabled=false, rotatable=false, locationContextEnabled=true, mobileEmulationEnabled=false, webdriver.remote.sessionid=5a42710a-03e2-46eb-bc18-f001f79b63b7, version=55.0.2883.87, pageLoadStrategy=normal, takesHeapSnapshot=true, cssSelectorsEnabled=true, databaseEnabled=false, handlesAlerts=true, browserConnectionEnabled=false, webStorageEnabled=true, nativeEvents=true, hasTouchScreen=false, applicationCacheEnabled=false, takesScreenshot=true}]">
      <![CDATA[org.openqa.selenium.WebDriverException: chrome not reachable
  (Session info: chrome=55.0.2883.87)
  (Driver info: chromedriver=2.25.426923 (0390b88869384d6eb0d5d09729679f934aab9eed),platform=Windows NT 6.1.7600 x86_64) (WARNING: The server did not provide any stacktrace information)
Command duration or timeout: 4.01 seconds
Build info: version: '2.53.0', revision: '35ae25b', time: '2016-03-15 17:00:58'
System info: host: 'Sai-PC', ip: '169.254.209.217', os.name: 'Windows 7', os.arch: 'amd64', os.version: '6.1', java.version: '1.7.0_79'
Session ID: d57bfe215f1cf5f01402da33da1271c0
Driver info: org.openqa.selenium.chrome.ChromeDriver
Capabilities [{platform=XP, acceptSslCerts=true, javascriptEnabled=true, browserName=chrome, chrome={userDataDir=C:\Users\Sai\AppData\Local\Temp\scoped_dir6820_13128, chromedriverVersion=2.25.426923 (0390b88869384d6eb0d5d09729679f934aab9eed)}, networkConnectionEnabled=false, rotatable=false, locationContextEnabled=true, mobileEmulationEnabled=false, version=55.0.2883.87, pageLoadStrategy=normal, takesHeapSnapshot=true, cssSelectorsEnabled=true, databaseEnabled=false, handlesAlerts=true, browserConnectionEnabled=false, webStorageEnabled=true, nativeEvents=true, hasTouchScreen=false, applicationCacheEnabled=false, takesScreenshot=true}]
Command duration or timeout: 5.62 seconds
Build info: version: '2.53.0', revision: '35ae25b', time: '2016-03-15 17:00:58'
System info: host: 'Sai-PC', ip: '169.254.209.217', os.name: 'Windows 7', os.arch: 'amd64', os.version: '6.1', java.version: '1.7.0_79'
Session ID: 5a42710a-03e2-46eb-bc18-f001f79b63b7
Driver info: org.openqa.selenium.remote.RemoteWebDriver
Capabilities [{platform=XP, acceptSslCerts=true, javascriptEnabled=true, browserName=chrome, chrome={userDataDir=C:\Users\Sai\AppData\Local\Temp\scoped_dir6820_13128, chromedriverVersion=2.25.426923 (0390b88869384d6eb0d5d09729679f934aab9eed)}, networkConnectionEnabled=false, rotatable=false, locationContextEnabled=true, mobileEmulationEnabled=false, webdriver.remote.sessionid=5a42710a-03e2-46eb-bc18-f001f79b63b7, version=55.0.2883.87, pageLoadStrategy=normal, takesHeapSnapshot=true, cssSelectorsEnabled=true, databaseEnabled=false, handlesAlerts=true, browserConnectionEnabled=false, webStorageEnabled=true, nativeEvents=true, hasTouchScreen=false, applicationCacheEnabled=false, takesScreenshot=true}]
	at sun.reflect.NativeConstructorAccessorImpl.newInstance0(Native Method)
	at sun.reflect.NativeConstructorAccessorImpl.newInstance(Unknown Source)
	at sun.reflect.DelegatingConstructorAccessorImpl.newInstance(Unknown Source)
	at java.lang.reflect.Constructor.newInstance(Unknown Source)
	at org.openqa.selenium.remote.ErrorHandler.createThrowable(ErrorHandler.java:206)
	at org.openqa.selenium.remote.ErrorHandler.throwIfResponseFailed(ErrorHandler.java:158)
	at org.openqa.selenium.remote.RemoteWebDriver.execute(RemoteWebDriver.java:678)
	at org.openqa.selenium.remote.RemoteWebElement.execute(RemoteWebElement.java:327)
	at org.openqa.selenium.remote.RemoteWebElement.click(RemoteWebElement.java:85)
	at day36.DropdownOnGrid.dropdownTest(DropdownOnGrid.java:51)
	at sun.reflect.NativeMethodAccessorImpl.invoke0(Native Method)
	at sun.reflect.NativeMethodAccessorImpl.invoke(Unknown Source)
	at sun.reflect.DelegatingMethodAccessorImpl.invoke(Unknown Source)
	at java.lang.reflect.Method.invoke(Unknown Source)
	at org.testng.internal.MethodInvocationHelper.invokeMethod(MethodInvocationHelper.java:85)
	at org.testng.internal.Invoker.invokeMethod(Invoker.java:639)
	at org.testng.internal.Invoker.invokeTestMethod(Invoker.java:816)
	at org.testng.internal.Invoker.invokeTestMethods(Invoker.java:1124)
	at org.testng.internal.TestMethodWorker.invokeTestMethods(TestMethodWorker.java:125)
	at org.testng.internal.TestMethodWorker.run(TestMethodWorker.java:108)
	at org.testng.TestRunner.privateRun(TestRunner.java:774)
	at org.testng.TestRunner.run(TestRunner.java:624)
	at org.testng.SuiteRunner.runTest(SuiteRunner.java:359)
	at org.testng.SuiteRunner.access$000(SuiteRunner.java:39)
	at org.testng.SuiteRunner$SuiteWorker.run(SuiteRunner.java:393)
	at org.testng.internal.thread.ThreadUtil$2.call(ThreadUtil.java:64)
	at java.util.concurrent.FutureTask.run(Unknown Source)
	at java.util.concurrent.ThreadPoolExecutor.runWorker(Unknown Source)
	at java.util.concurrent.ThreadPoolExecutor$Worker.run(Unknown Source)
	at java.lang.Thread.run(Unknown Source)
Caused by: org.openqa.selenium.remote.ScreenshotException: Screen shot has been taken
Build info: version: '2.53.0', revision: '35ae25b', time: '2016-03-15 17:00:58'
System info: host: 'Sai-PC', ip: '169.254.209.217', os.name: 'Windows 7', os.arch: 'amd64', os.version: '6.1', java.version: '1.7.0_79'
Driver info: driver.version: RemoteWebDriver
	at org.openqa.selenium.remote.ErrorHandler.throwIfResponseFailed(ErrorHandler.java:138)
	... 24 more
Caused by: org.openqa.selenium.WebDriverException: chrome not reachable
  (Session info: chrome=55.0.2883.87)
  (Driver info: chromedriver=2.25.426923 (0390b88869384d6eb0d5d09729679f934aab9eed),platform=Windows NT 6.1.7600 x86_64) (WARNING: The server did not provide any stacktrace information)
Command duration or timeout: 4.01 seconds
Build info: version: '2.53.0', revision: '35ae25b', time: '2016-03-15 17:00:58'
System info: host: 'Sai-PC', ip: '169.254.209.217', os.name: 'Windows 7', os.arch: 'amd64', os.version: '6.1', java.version: '1.7.0_79'
Session ID: d57bfe215f1cf5f01402da33da1271c0
Driver info: org.openqa.selenium.chrome.ChromeDriver
Capabilities [{platform=XP, acceptSslCerts=true, javascriptEnabled=true, browserName=chrome, chrome={userDataDir=C:\Users\Sai\AppData\Local\Temp\scoped_dir6820_13128, chromedriverVersion=2.25.426923 (0390b88869384d6eb0d5d09729679f934aab9eed)}, networkConnectionEnabled=false, rotatable=false, locationContextEnabled=true, mobileEmulationEnabled=false, version=55.0.2883.87, pageLoadStrategy=normal, takesHeapSnapshot=true, cssSelectorsEnabled=true, databaseEnabled=false, handlesAlerts=true, browserConnectionEnabled=false, webStorageEnabled=true, nativeEvents=true, hasTouchScreen=false, applicationCacheEnabled=false, takesScreenshot=true}]
Build info: version: '2.53.0', revision: '35ae25b', time: '2016-03-15 17:00:58'
System info: host: 'Sai-PC', ip: '169.254.209.217', os.name: 'Windows 7', os.arch: 'amd64', os.version: '6.1', java.version: '1.7.0_79'
Driver info: driver.version: RemoteWebDriver
	at sun.reflect.NativeConstructorAccessorImpl.newInstance0(Native Method)
	at sun.reflect.NativeConstructorAccessorImpl.newInstance(Unknown Source)
	at sun.reflect.DelegatingConstructorAccessorImpl.newInstance(Unknown Source)
	at java.lang.reflect.Constructor.newInstance(Unknown Source)
	at org.openqa.selenium.remote.ErrorHandler.createThrowable(ErrorHandler.java:206)
	at org.openqa.selenium.remote.ErrorHandler.throwIfResponseFailed(ErrorHandler.java:158)
	at org.openqa.selenium.remote.RemoteWebDriver.execute(RemoteWebDriver.java:678)
	at org.openqa.selenium.remote.RemoteWebElement.execute(RemoteWebElement.java:327)
	at org.openqa.selenium.remote.RemoteWebElement.click(RemoteWebElement.java:85)
	at sun.reflect.GeneratedMethodAccessor8.invoke(Unknown Source)
	at sun.reflect.DelegatingMethodAccessorImpl.invoke(Unknown Source)
	at java.lang.reflect.Method.invoke(Unknown Source)
	at org.openqa.selenium.support.events.EventFiringWebDriver$EventFiringWebElement$1.invoke(EventFiringWebDriver.java:335)
	at com.sun.proxy.$Proxy2.click(Unknown Source)
	at org.openqa.selenium.support.events.EventFiringWebDriver$EventFiringWebElement.click(EventFiringWebDriver.java:348)
	at sun.reflect.GeneratedMethodAccessor8.invoke(Unknown Source)
	at sun.reflect.DelegatingMethodAccessorImpl.invoke(Unknown Source)
	at java.lang.reflect.Method.invoke(Unknown Source)
	at org.openqa.selenium.remote.server.KnownElements$1.invoke(KnownElements.java:64)
	at com.sun.proxy.$Proxy3.click(Unknown Source)
	at org.openqa.selenium.remote.server.handler.ClickElement.call(ClickElement.java:30)
	at org.openqa.selenium.remote.server.handler.ClickElement.call(ClickElement.java:1)
	at java.util.concurrent.FutureTask.run(Unknown Source)
	at org.openqa.selenium.remote.server.DefaultSession$1.run(DefaultSession.java:176)
	... 3 more
]]>
    </error>
  </testcase> <!-- dropdownTest -->
  <testcase name="dropdownTest" time="15.743" classname="day36.DropdownOnGrid">
    <error type="org.openqa.selenium.NoSuchElementException" message="Could not find element: {&quot;using&quot;:&quot;name&quot;,&quot;value&quot;:&quot;country&quot;} (WARNING: The server did not provide any stacktrace information)
Command duration or timeout: 9 milliseconds
For documentation on this error, please visit: http://seleniumhq.org/exceptions/no_such_element.html
Build info: version: &#039;2.53.1&#039;, revision: &#039;a36b8b1&#039;, time: &#039;2016-06-30 17:37:03&#039;
System info: host: &#039;sais-MacBook-Pro.local&#039;, ip: &#039;192.168.1.2&#039;, os.name: &#039;Mac OS X&#039;, os.arch: &#039;x86_64&#039;, os.version: &#039;10.10.4&#039;, java.version: &#039;1.7.0_79&#039;
*** Element info: {Using=name, value=country}
Session ID: null
Driver info: org.openqa.selenium.safari.SafariDriver
Capabilities [{platform=MAC, cssSelectorsEnabled=true, javascriptEnabled=true, secureSsl=true, browserName=safari, takesScreenshot=true, version=8.0.7}]
Command duration or timeout: 8.35 seconds
For documentation on this error, please visit: http://seleniumhq.org/exceptions/no_such_element.html
Build info: version: &#039;2.53.0&#039;, revision: &#039;35ae25b&#039;, time: &#039;2016-03-15 17:00:58&#039;
System info: host: &#039;Sai-PC&#039;, ip: &#039;169.254.209.217&#039;, os.name: &#039;Windows 7&#039;, os.arch: &#039;amd64&#039;, os.version: &#039;6.1&#039;, java.version: &#039;1.7.0_79&#039;
*** Element info: {Using=name, value=country}
Session ID: a7626a6c-8e5e-41b3-baa0-a74523173a7c
Driver info: org.openqa.selenium.remote.RemoteWebDriver
Capabilities [{platform=MAC, cssSelectorsEnabled=true, javascriptEnabled=true, secureSsl=true, browserName=safari, webdriver.remote.sessionid=a7626a6c-8e5e-41b3-baa0-a74523173a7c, takesScreenshot=true, version=8.0.7}]">
      <![CDATA[org.openqa.selenium.NoSuchElementException: Could not find element: {"using":"name","value":"country"} (WARNING: The server did not provide any stacktrace information)
Command duration or timeout: 9 milliseconds
For documentation on this error, please visit: http://seleniumhq.org/exceptions/no_such_element.html
Build info: version: '2.53.1', revision: 'a36b8b1', time: '2016-06-30 17:37:03'
System info: host: 'sais-MacBook-Pro.local', ip: '192.168.1.2', os.name: 'Mac OS X', os.arch: 'x86_64', os.version: '10.10.4', java.version: '1.7.0_79'
*** Element info: {Using=name, value=country}
Session ID: null
Driver info: org.openqa.selenium.safari.SafariDriver
Capabilities [{platform=MAC, cssSelectorsEnabled=true, javascriptEnabled=true, secureSsl=true, browserName=safari, takesScreenshot=true, version=8.0.7}]
Command duration or timeout: 8.35 seconds
For documentation on this error, please visit: http://seleniumhq.org/exceptions/no_such_element.html
Build info: version: '2.53.0', revision: '35ae25b', time: '2016-03-15 17:00:58'
System info: host: 'Sai-PC', ip: '169.254.209.217', os.name: 'Windows 7', os.arch: 'amd64', os.version: '6.1', java.version: '1.7.0_79'
*** Element info: {Using=name, value=country}
Session ID: a7626a6c-8e5e-41b3-baa0-a74523173a7c
Driver info: org.openqa.selenium.remote.RemoteWebDriver
Capabilities [{platform=MAC, cssSelectorsEnabled=true, javascriptEnabled=true, secureSsl=true, browserName=safari, webdriver.remote.sessionid=a7626a6c-8e5e-41b3-baa0-a74523173a7c, takesScreenshot=true, version=8.0.7}]
	at sun.reflect.NativeConstructorAccessorImpl.newInstance0(Native Method)
	at sun.reflect.NativeConstructorAccessorImpl.newInstance(Unknown Source)
	at sun.reflect.DelegatingConstructorAccessorImpl.newInstance(Unknown Source)
	at java.lang.reflect.Constructor.newInstance(Unknown Source)
	at org.openqa.selenium.remote.ErrorHandler.createThrowable(ErrorHandler.java:206)
	at org.openqa.selenium.remote.ErrorHandler.throwIfResponseFailed(ErrorHandler.java:158)
	at org.openqa.selenium.remote.RemoteWebDriver.execute(RemoteWebDriver.java:678)
	at org.openqa.selenium.remote.RemoteWebDriver.findElement(RemoteWebDriver.java:363)
	at org.openqa.selenium.remote.RemoteWebDriver.findElementByName(RemoteWebDriver.java:461)
	at org.openqa.selenium.By$ByName.findElement(By.java:303)
	at org.openqa.selenium.remote.RemoteWebDriver.findElement(RemoteWebDriver.java:355)
	at day36.DropdownOnGrid.dropdownTest(DropdownOnGrid.java:46)
	at sun.reflect.NativeMethodAccessorImpl.invoke0(Native Method)
	at sun.reflect.NativeMethodAccessorImpl.invoke(Unknown Source)
	at sun.reflect.DelegatingMethodAccessorImpl.invoke(Unknown Source)
	at java.lang.reflect.Method.invoke(Unknown Source)
	at org.testng.internal.MethodInvocationHelper.invokeMethod(MethodInvocationHelper.java:85)
	at org.testng.internal.Invoker.invokeMethod(Invoker.java:639)
	at org.testng.internal.Invoker.invokeTestMethod(Invoker.java:816)
	at org.testng.internal.Invoker.invokeTestMethods(Invoker.java:1124)
	at org.testng.internal.TestMethodWorker.invokeTestMethods(TestMethodWorker.java:125)
	at org.testng.internal.TestMethodWorker.run(TestMethodWorker.java:108)
	at org.testng.TestRunner.privateRun(TestRunner.java:774)
	at org.testng.TestRunner.run(TestRunner.java:624)
	at org.testng.SuiteRunner.runTest(SuiteRunner.java:359)
	at org.testng.SuiteRunner.access$000(SuiteRunner.java:39)
	at org.testng.SuiteRunner$SuiteWorker.run(SuiteRunner.java:393)
	at org.testng.internal.thread.ThreadUtil$2.call(ThreadUtil.java:64)
	at java.util.concurrent.FutureTask.run(Unknown Source)
	at java.util.concurrent.ThreadPoolExecutor.runWorker(Unknown Source)
	at java.util.concurrent.ThreadPoolExecutor$Worker.run(Unknown Source)
	at java.lang.Thread.run(Unknown Source)
Caused by: org.openqa.selenium.remote.ScreenshotException: Screen shot has been taken
Build info: version: '2.53.0', revision: '35ae25b', time: '2016-03-15 17:00:58'
System info: host: 'Sai-PC', ip: '169.254.209.217', os.name: 'Windows 7', os.arch: 'amd64', os.version: '6.1', java.version: '1.7.0_79'
Driver info: driver.version: RemoteWebDriver
	at org.openqa.selenium.remote.ErrorHandler.throwIfResponseFailed(ErrorHandler.java:138)
	... 26 more
Caused by: org.openqa.selenium.NoSuchElementException: Could not find element: {"using":"name","value":"country"} (WARNING: The server did not provide any stacktrace information)
Command duration or timeout: 9 milliseconds
For documentation on this error, please visit: http://seleniumhq.org/exceptions/no_such_element.html
Build info: version: '2.53.1', revision: 'a36b8b1', time: '2016-06-30 17:37:03'
System info: host: 'sais-MacBook-Pro.local', ip: '192.168.1.2', os.name: 'Mac OS X', os.arch: 'x86_64', os.version: '10.10.4', java.version: '1.7.0_79'
*** Element info: {Using=name, value=country}
Session ID: null
Driver info: org.openqa.selenium.safari.SafariDriver
Capabilities [{platform=MAC, cssSelectorsEnabled=true, javascriptEnabled=true, secureSsl=true, browserName=safari, takesScreenshot=true, version=8.0.7}]
For documentation on this error, please visit: http://seleniumhq.org/exceptions/no_such_element.html
Build info: version: '2.53.0', revision: '35ae25b', time: '2016-03-15 17:00:58'
System info: host: 'Sai-PC', ip: '169.254.209.217', os.name: 'Windows 7', os.arch: 'amd64', os.version: '6.1', java.version: '1.7.0_79'
Driver info: driver.version: EventFiringWebDriver
	at sun.reflect.NativeConstructorAccessorImpl.newInstance0(Native Method)
	at sun.reflect.NativeConstructorAccessorImpl.newInstance(NativeConstructorAccessorImpl.java:57)
	at sun.reflect.DelegatingConstructorAccessorImpl.newInstance(DelegatingConstructorAccessorImpl.java:45)
	at java.lang.reflect.Constructor.newInstance(Constructor.java:526)
	at org.openqa.selenium.remote.ErrorHandler.createThrowable(ErrorHandler.java:206)
	at org.openqa.selenium.remote.ErrorHandler.throwIfResponseFailed(ErrorHandler.java:158)
	at org.openqa.selenium.remote.RemoteWebDriver.execute(RemoteWebDriver.java:678)
	at org.openqa.selenium.remote.RemoteWebDriver.findElement(RemoteWebDriver.java:363)
	at org.openqa.selenium.remote.RemoteWebDriver.findElementByName(RemoteWebDriver.java:461)
	at org.openqa.selenium.By$ByName.findElement(By.java:303)
	at org.openqa.selenium.remote.RemoteWebDriver.findElement(RemoteWebDriver.java:355)
	at sun.reflect.NativeMethodAccessorImpl.invoke0(Native Method)
	at sun.reflect.NativeMethodAccessorImpl.invoke(NativeMethodAccessorImpl.java:57)
	at sun.reflect.DelegatingMethodAccessorImpl.invoke(DelegatingMethodAccessorImpl.java:43)
	at java.lang.reflect.Method.invoke(Method.java:606)
	at org.openqa.selenium.support.events.EventFiringWebDriver$2.invoke(EventFiringWebDriver.java:103)
	at com.sun.proxy.$Proxy1.findElement(Unknown Source)
	at org.openqa.selenium.support.events.EventFiringWebDriver.findElement(EventFiringWebDriver.java:188)
	at org.openqa.selenium.remote.server.handler.FindElement.call(FindElement.java:48)
	at org.openqa.selenium.remote.server.handler.FindElement.call(FindElement.java:1)
	at java.util.concurrent.FutureTask.run(FutureTask.java:262)
	at org.openqa.selenium.remote.server.DefaultSession$1.run(DefaultSession.java:176)
	at java.util.concurrent.ThreadPoolExecutor.runWorker(ThreadPoolExecutor.java:1145)
	at java.util.concurrent.ThreadPoolExecutor$Worker.run(ThreadPoolExecutor.java:615)
	at java.lang.Thread.run(Thread.java:745)
]]>
    </error>
  </testcase> <!-- dropdownTest -->
  <testcase name="dropdownTest" time="48.160" classname="day36.DropdownOnGrid">
    <error type="org.openqa.selenium.WebDriverException" message="Unable to connect to host 127.0.0.1 on port 7055 after 45000 ms. Firefox console output:
54195207,&quot;updateDate&quot;:1480554195207,&quot;applyBackgroundUpdates&quot;:1,&quot;skinnable&quot;:true,&quot;size&quot;:24166,&quot;sourceURI&quot;:null,&quot;releaseNotesURI&quot;:null,&quot;softDisabled&quot;:false,&quot;foreignInstall&quot;:false,&quot;hasBinaryComponents&quot;:false,&quot;strictCompatibility&quot;:true,&quot;locales&quot;:[],&quot;targetApplications&quot;:[{&quot;id&quot;:&quot;{ec8030f7-c20a-464f-9b0e-13a3a9e97384}&quot;,&quot;minVersion&quot;:&quot;44.0&quot;,&quot;maxVersion&quot;:&quot;44.0&quot;}],&quot;targetPlatforms&quot;:[]}
1482990358374	addons.xpi	DEBUG	getModTime: Recursive scan of {972ce4c6-7e08-4474-a285-3208198ce6fd}
1482990358376	DeferredSave.extensions.json	DEBUG	Save changes
1482990358376	addons.xpi	DEBUG	Updating database with changes to installed add-ons
1482990358376	addons.xpi-utils	DEBUG	Updating add-on states
1482990358377	addons.xpi-utils	DEBUG	Writing add-ons list
1482990358379	addons.xpi-utils	ERROR	Failed to write add-ons list to profile directory: [Exception... &quot;Component returned failure code: 0x8052000e (NS_ERROR_FILE_IS_LOCKED) [nsIFile.moveTo]&quot;  nsresult: &quot;0x8052000e (NS_ERROR_FILE_IS_LOCKED)&quot;  location: &quot;JS frame :: resource://gre/modules/addons/XPIProvider.jsm -&gt; resource://gre/modules/addons/XPIProviderUtils.js :: XPIDB_writeAddonsList :: line 1497&quot;  data: no] Stack trace: XPIDB_writeAddonsList()@resource://gre/modules/addons/XPIProvider.jsm -&gt; resource://gre/modules/addons/XPIProviderUtils.js:1497 &lt; XPI_checkForChanges()@resource://gre/modules/addons/XPIProvider.jsm:3626 &lt; XPI_startup()@resource://gre/modules/addons/XPIProvider.jsm:2608 &lt; callProvider()@resource://gre/modules/AddonManager.jsm:221 &lt; _startProvider()@resource://gre/modules/AddonManager.jsm:828 &lt; AMI_startup()@resource://gre/modules/AddonManager.jsm:1006 &lt; AMP_startup()@resource://gre/modules/AddonManager.jsm:2758 &lt; AMC_observe()@resource://gre/components/addonManager.js:58
1482990358398	addons.manager	DEBUG	Registering shutdown blocker for XPIProvider
1482990358398	addons.manager	DEBUG	Provider finished startup: XPIProvider
1482990358398	addons.manager	DEBUG	Starting provider: LightweightThemeManager
1482990358398	addons.manager	DEBUG	Registering shutdown blocker for LightweightThemeManager
1482990358398	addons.manager	DEBUG	Provider finished startup: LightweightThemeManager
1482990358399	addons.manager	DEBUG	Starting provider: GMPProvider
1482990358406	addons.manager	DEBUG	Registering shutdown blocker for GMPProvider
1482990358407	addons.manager	DEBUG	Provider finished startup: GMPProvider
1482990358407	addons.manager	DEBUG	Starting provider: PluginProvider
1482990358407	addons.manager	DEBUG	Registering shutdown blocker for PluginProvider
1482990358407	addons.manager	DEBUG	Provider finished startup: PluginProvider
1482990358408	addons.manager	DEBUG	Completed startup sequence
Crash Annotation GraphicsCriticalError: |[0][GFX1-]: PossiblyBrokenSurfaceSharing_UnexpectedAMDGPU[GFX1-]: PossiblyBrokenSurfaceSharing_UnexpectedAMDGPU
Crash Annotation GraphicsCriticalError: |[0][GFX1-]: PossiblyBrokenSurfaceSharing_UnexpectedAMDGPU|[1][GFX1-]: PossiblyBrokenSurfaceSharing_UnexpectedAMDGPU[GFX1-]: PossiblyBrokenSurfaceSharing_UnexpectedAMDGPU
1482990360235	addons.manager	DEBUG	Starting provider: &lt;unnamed-provider&gt;
1482990360235	addons.manager	DEBUG	Registering shutdown blocker for &lt;unnamed-provider&gt;
1482990360235	addons.manager	DEBUG	Provider finished startup: &lt;unnamed-provider&gt;
1482990361440	DeferredSave.extensions.json	DEBUG	Starting write
1482990362361	addons.repository	DEBUG	No addons.json found.
1482990362361	DeferredSave.addons.json	DEBUG	Save changes
1482990362364	DeferredSave.addons.json	DEBUG	Starting timer
1482990362384	addons.manager	DEBUG	Starting provider: PreviousExperimentProvider
1482990362384	addons.manager	DEBUG	Registering shutdown blocker for PreviousExperimentProvider
1482990362384	addons.manager	DEBUG	Provider finished startup: PreviousExperimentProvider
1482990362387	DeferredSave.extensions.json	DEBUG	Write succeeded
1482990362387	addons.xpi-utils	DEBUG	XPI Database saved, setting schema version preference to 17
1482990362417	DeferredSave.addons.json	DEBUG	Starting write
1482990362915	DeferredSave.addons.json	DEBUG	Write succeeded

Command duration or timeout: 46.55 seconds
Build info: version: &#039;2.53.0&#039;, revision: &#039;35ae25b&#039;, time: &#039;2016-03-15 17:00:58&#039;
System info: host: &#039;Sai-PC&#039;, ip: &#039;169.254.209.217&#039;, os.name: &#039;Windows 7&#039;, os.arch: &#039;amd64&#039;, os.version: &#039;6.1&#039;, java.version: &#039;1.7.0_79&#039;
Driver info: org.openqa.selenium.remote.RemoteWebDriver">
      <![CDATA[org.openqa.selenium.WebDriverException: Unable to connect to host 127.0.0.1 on port 7055 after 45000 ms. Firefox console output:
54195207,"updateDate":1480554195207,"applyBackgroundUpdates":1,"skinnable":true,"size":24166,"sourceURI":null,"releaseNotesURI":null,"softDisabled":false,"foreignInstall":false,"hasBinaryComponents":false,"strictCompatibility":true,"locales":[],"targetApplications":[{"id":"{ec8030f7-c20a-464f-9b0e-13a3a9e97384}","minVersion":"44.0","maxVersion":"44.0"}],"targetPlatforms":[]}
1482990358374	addons.xpi	DEBUG	getModTime: Recursive scan of {972ce4c6-7e08-4474-a285-3208198ce6fd}
1482990358376	DeferredSave.extensions.json	DEBUG	Save changes
1482990358376	addons.xpi	DEBUG	Updating database with changes to installed add-ons
1482990358376	addons.xpi-utils	DEBUG	Updating add-on states
1482990358377	addons.xpi-utils	DEBUG	Writing add-ons list
1482990358379	addons.xpi-utils	ERROR	Failed to write add-ons list to profile directory: [Exception... "Component returned failure code: 0x8052000e (NS_ERROR_FILE_IS_LOCKED) [nsIFile.moveTo]"  nsresult: "0x8052000e (NS_ERROR_FILE_IS_LOCKED)"  location: "JS frame :: resource://gre/modules/addons/XPIProvider.jsm -> resource://gre/modules/addons/XPIProviderUtils.js :: XPIDB_writeAddonsList :: line 1497"  data: no] Stack trace: XPIDB_writeAddonsList()@resource://gre/modules/addons/XPIProvider.jsm -> resource://gre/modules/addons/XPIProviderUtils.js:1497 < XPI_checkForChanges()@resource://gre/modules/addons/XPIProvider.jsm:3626 < XPI_startup()@resource://gre/modules/addons/XPIProvider.jsm:2608 < callProvider()@resource://gre/modules/AddonManager.jsm:221 < _startProvider()@resource://gre/modules/AddonManager.jsm:828 < AMI_startup()@resource://gre/modules/AddonManager.jsm:1006 < AMP_startup()@resource://gre/modules/AddonManager.jsm:2758 < AMC_observe()@resource://gre/components/addonManager.js:58
1482990358398	addons.manager	DEBUG	Registering shutdown blocker for XPIProvider
1482990358398	addons.manager	DEBUG	Provider finished startup: XPIProvider
1482990358398	addons.manager	DEBUG	Starting provider: LightweightThemeManager
1482990358398	addons.manager	DEBUG	Registering shutdown blocker for LightweightThemeManager
1482990358398	addons.manager	DEBUG	Provider finished startup: LightweightThemeManager
1482990358399	addons.manager	DEBUG	Starting provider: GMPProvider
1482990358406	addons.manager	DEBUG	Registering shutdown blocker for GMPProvider
1482990358407	addons.manager	DEBUG	Provider finished startup: GMPProvider
1482990358407	addons.manager	DEBUG	Starting provider: PluginProvider
1482990358407	addons.manager	DEBUG	Registering shutdown blocker for PluginProvider
1482990358407	addons.manager	DEBUG	Provider finished startup: PluginProvider
1482990358408	addons.manager	DEBUG	Completed startup sequence
Crash Annotation GraphicsCriticalError: |[0][GFX1-]: PossiblyBrokenSurfaceSharing_UnexpectedAMDGPU[GFX1-]: PossiblyBrokenSurfaceSharing_UnexpectedAMDGPU
Crash Annotation GraphicsCriticalError: |[0][GFX1-]: PossiblyBrokenSurfaceSharing_UnexpectedAMDGPU|[1][GFX1-]: PossiblyBrokenSurfaceSharing_UnexpectedAMDGPU[GFX1-]: PossiblyBrokenSurfaceSharing_UnexpectedAMDGPU
1482990360235	addons.manager	DEBUG	Starting provider: <unnamed-provider>
1482990360235	addons.manager	DEBUG	Registering shutdown blocker for <unnamed-provider>
1482990360235	addons.manager	DEBUG	Provider finished startup: <unnamed-provider>
1482990361440	DeferredSave.extensions.json	DEBUG	Starting write
1482990362361	addons.repository	DEBUG	No addons.json found.
1482990362361	DeferredSave.addons.json	DEBUG	Save changes
1482990362364	DeferredSave.addons.json	DEBUG	Starting timer
1482990362384	addons.manager	DEBUG	Starting provider: PreviousExperimentProvider
1482990362384	addons.manager	DEBUG	Registering shutdown blocker for PreviousExperimentProvider
1482990362384	addons.manager	DEBUG	Provider finished startup: PreviousExperimentProvider
1482990362387	DeferredSave.extensions.json	DEBUG	Write succeeded
1482990362387	addons.xpi-utils	DEBUG	XPI Database saved, setting schema version preference to 17
1482990362417	DeferredSave.addons.json	DEBUG	Starting write
1482990362915	DeferredSave.addons.json	DEBUG	Write succeeded

Command duration or timeout: 46.55 seconds
Build info: version: '2.53.0', revision: '35ae25b', time: '2016-03-15 17:00:58'
System info: host: 'Sai-PC', ip: '169.254.209.217', os.name: 'Windows 7', os.arch: 'amd64', os.version: '6.1', java.version: '1.7.0_79'
Driver info: org.openqa.selenium.remote.RemoteWebDriver
	at sun.reflect.NativeConstructorAccessorImpl.newInstance0(Native Method)
	at sun.reflect.NativeConstructorAccessorImpl.newInstance(Unknown Source)
	at sun.reflect.DelegatingConstructorAccessorImpl.newInstance(Unknown Source)
	at java.lang.reflect.Constructor.newInstance(Unknown Source)
	at org.openqa.selenium.remote.ErrorHandler.createThrowable(ErrorHandler.java:206)
	at org.openqa.selenium.remote.ErrorHandler.throwIfResponseFailed(ErrorHandler.java:158)
	at org.openqa.selenium.remote.RemoteWebDriver.execute(RemoteWebDriver.java:678)
	at org.openqa.selenium.remote.RemoteWebDriver.startSession(RemoteWebDriver.java:249)
	at org.openqa.selenium.remote.RemoteWebDriver.<init>(RemoteWebDriver.java:131)
	at org.openqa.selenium.remote.RemoteWebDriver.<init>(RemoteWebDriver.java:158)
	at day36.DropdownOnGrid.dropdownTest(DropdownOnGrid.java:40)
	at sun.reflect.NativeMethodAccessorImpl.invoke0(Native Method)
	at sun.reflect.NativeMethodAccessorImpl.invoke(Unknown Source)
	at sun.reflect.DelegatingMethodAccessorImpl.invoke(Unknown Source)
	at java.lang.reflect.Method.invoke(Unknown Source)
	at org.testng.internal.MethodInvocationHelper.invokeMethod(MethodInvocationHelper.java:85)
	at org.testng.internal.Invoker.invokeMethod(Invoker.java:639)
	at org.testng.internal.Invoker.invokeTestMethod(Invoker.java:816)
	at org.testng.internal.Invoker.invokeTestMethods(Invoker.java:1124)
	at org.testng.internal.TestMethodWorker.invokeTestMethods(TestMethodWorker.java:125)
	at org.testng.internal.TestMethodWorker.run(TestMethodWorker.java:108)
	at org.testng.TestRunner.privateRun(TestRunner.java:774)
	at org.testng.TestRunner.run(TestRunner.java:624)
	at org.testng.SuiteRunner.runTest(SuiteRunner.java:359)
	at org.testng.SuiteRunner.access$000(SuiteRunner.java:39)
	at org.testng.SuiteRunner$SuiteWorker.run(SuiteRunner.java:393)
	at org.testng.internal.thread.ThreadUtil$2.call(ThreadUtil.java:64)
	at java.util.concurrent.FutureTask.run(Unknown Source)
	at java.util.concurrent.ThreadPoolExecutor.runWorker(Unknown Source)
	at java.util.concurrent.ThreadPoolExecutor$Worker.run(Unknown Source)
	at java.lang.Thread.run(Unknown Source)
Caused by: org.openqa.selenium.remote.ErrorHandler$UnknownServerException: Unable to connect to host 127.0.0.1 on port 7055 after 45000 ms. Firefox console output:
54195207,"updateDate":1480554195207,"applyBackgroundUpdates":1,"skinnable":true,"size":24166,"sourceURI":null,"releaseNotesURI":null,"softDisabled":false,"foreignInstall":false,"hasBinaryComponents":false,"strictCompatibility":true,"locales":[],"targetApplications":[{"id":"{ec8030f7-c20a-464f-9b0e-13a3a9e97384}","minVersion":"44.0","maxVersion":"44.0"}],"targetPlatforms":[]}
1482990358374	addons.xpi	DEBUG	getModTime: Recursive scan of {972ce4c6-7e08-4474-a285-3208198ce6fd}
1482990358376	DeferredSave.extensions.json	DEBUG	Save changes
1482990358376	addons.xpi	DEBUG	Updating database with changes to installed add-ons
1482990358376	addons.xpi-utils	DEBUG	Updating add-on states
1482990358377	addons.xpi-utils	DEBUG	Writing add-ons list
1482990358379	addons.xpi-utils	ERROR	Failed to write add-ons list to profile directory: [Exception... "Component returned failure code: 0x8052000e (NS_ERROR_FILE_IS_LOCKED) [nsIFile.moveTo]"  nsresult: "0x8052000e (NS_ERROR_FILE_IS_LOCKED)"  location: "JS frame :: resource://gre/modules/addons/XPIProvider.jsm -> resource://gre/modules/addons/XPIProviderUtils.js :: XPIDB_writeAddonsList :: line 1497"  data: no] Stack trace: XPIDB_writeAddonsList()@resource://gre/modules/addons/XPIProvider.jsm -> resource://gre/modules/addons/XPIProviderUtils.js:1497 < XPI_checkForChanges()@resource://gre/modules/addons/XPIProvider.jsm:3626 < XPI_startup()@resource://gre/modules/addons/XPIProvider.jsm:2608 < callProvider()@resource://gre/modules/AddonManager.jsm:221 < _startProvider()@resource://gre/modules/AddonManager.jsm:828 < AMI_startup()@resource://gre/modules/AddonManager.jsm:1006 < AMP_startup()@resource://gre/modules/AddonManager.jsm:2758 < AMC_observe()@resource://gre/components/addonManager.js:58
1482990358398	addons.manager	DEBUG	Registering shutdown blocker for XPIProvider
1482990358398	addons.manager	DEBUG	Provider finished startup: XPIProvider
1482990358398	addons.manager	DEBUG	Starting provider: LightweightThemeManager
1482990358398	addons.manager	DEBUG	Registering shutdown blocker for LightweightThemeManager
1482990358398	addons.manager	DEBUG	Provider finished startup: LightweightThemeManager
1482990358399	addons.manager	DEBUG	Starting provider: GMPProvider
1482990358406	addons.manager	DEBUG	Registering shutdown blocker for GMPProvider
1482990358407	addons.manager	DEBUG	Provider finished startup: GMPProvider
1482990358407	addons.manager	DEBUG	Starting provider: PluginProvider
1482990358407	addons.manager	DEBUG	Registering shutdown blocker for PluginProvider
1482990358407	addons.manager	DEBUG	Provider finished startup: PluginProvider
1482990358408	addons.manager	DEBUG	Completed startup sequence
Crash Annotation GraphicsCriticalError: |[0][GFX1-]: PossiblyBrokenSurfaceSharing_UnexpectedAMDGPU[GFX1-]: PossiblyBrokenSurfaceSharing_UnexpectedAMDGPU
Crash Annotation GraphicsCriticalError: |[0][GFX1-]: PossiblyBrokenSurfaceSharing_UnexpectedAMDGPU|[1][GFX1-]: PossiblyBrokenSurfaceSharing_UnexpectedAMDGPU[GFX1-]: PossiblyBrokenSurfaceSharing_UnexpectedAMDGPU
1482990360235	addons.manager	DEBUG	Starting provider: <unnamed-provider>
1482990360235	addons.manager	DEBUG	Registering shutdown blocker for <unnamed-provider>
1482990360235	addons.manager	DEBUG	Provider finished startup: <unnamed-provider>
1482990361440	DeferredSave.extensions.json	DEBUG	Starting write
1482990362361	addons.repository	DEBUG	No addons.json found.
1482990362361	DeferredSave.addons.json	DEBUG	Save changes
1482990362364	DeferredSave.addons.json	DEBUG	Starting timer
1482990362384	addons.manager	DEBUG	Starting provider: PreviousExperimentProvider
1482990362384	addons.manager	DEBUG	Registering shutdown blocker for PreviousExperimentProvider
1482990362384	addons.manager	DEBUG	Provider finished startup: PreviousExperimentProvider
1482990362387	DeferredSave.extensions.json	DEBUG	Write succeeded
1482990362387	addons.xpi-utils	DEBUG	XPI Database saved, setting schema version preference to 17
1482990362417	DeferredSave.addons.json	DEBUG	Starting write
1482990362915	DeferredSave.addons.json	DEBUG	Write succeeded

Build info: version: '2.53.0', revision: '35ae25b', time: '2016-03-15 17:00:58'
System info: host: 'Sai-PC', ip: '169.254.209.217', os.name: 'Windows 7', os.arch: 'amd64', os.version: '6.1', java.version: '1.7.0_79'
Driver info: driver.version: FirefoxDriver
	at org.openqa.selenium.firefox.internal.NewProfileExtensionConnection.start(NewProfileExtensionConnection.java:112)
	at org.openqa.selenium.firefox.FirefoxDriver.startClient(FirefoxDriver.java:271)
	at org.openqa.selenium.remote.RemoteWebDriver.<init>(RemoteWebDriver.java:119)
	at org.openqa.selenium.firefox.FirefoxDriver.<init>(FirefoxDriver.java:218)
	at org.openqa.selenium.firefox.FirefoxDriver.<init>(FirefoxDriver.java:211)
	at org.openqa.selenium.firefox.FirefoxDriver.<init>(FirefoxDriver.java:129)
	at sun.reflect.NativeConstructorAccessorImpl.newInstance0(Native Method)
	at sun.reflect.NativeConstructorAccessorImpl.newInstance(Unknown Source)
	at sun.reflect.DelegatingConstructorAccessorImpl.newInstance(Unknown Source)
	at java.lang.reflect.Constructor.newInstance(Unknown Source)
	at org.openqa.selenium.remote.server.FirefoxDriverProvider.callConstructor(FirefoxDriverProvider.java:91)
	at org.openqa.selenium.remote.server.FirefoxDriverProvider.newInstance(FirefoxDriverProvider.java:68)
	at org.openqa.selenium.remote.server.DefaultDriverFactory.newInstance(DefaultDriverFactory.java:60)
	at org.openqa.selenium.remote.server.DefaultSession$BrowserCreator.call(DefaultSession.java:222)
	at org.openqa.selenium.remote.server.DefaultSession$BrowserCreator.call(DefaultSession.java:1)
	at java.util.concurrent.FutureTask.run(Unknown Source)
	at org.openqa.selenium.remote.server.DefaultSession$1.run(DefaultSession.java:176)
	... 3 more
]]>
    </error>
  </testcase> <!-- dropdownTest -->
</testsuite> <!-- day36.DropdownOnGrid -->
